<?xml version="1.0" encoding="UTF-8"?>
<!-- Generated by org.testng.reporters.JUnitReportReporter -->
<testsuite hostname="Users-MacBook-Pro.local" failures="0" tests="3" name="TestRunner" time="14.453" errors="0" timestamp="2022-10-24T16:34:01 EDT" skipped="0">
  <testcase classname="TestRunner" name="runScenario" time="9.166"/>
  <system-out/>
  <testcase classname="TestRunner" name="runScenario" time="2.664"/>
  <system-out/>
  <testcase classname="TestRunner" name="runScenario" time="2.623"/>
  <system-out/>
</testsuite> <!-- TestRunner -->
